<?xml version="1.0" encoding="UTF-8"?>
<!-- Generated by org.testng.reporters.JUnitReportReporter -->
<testsuite hostname="LAPTOP-2LPHJ38S" failures="0" tests="1" name="Test.LoginTest" time="9.953" errors="0" timestamp="2025-08-09T22:25:55 IST" skipped="0">
  <testcase classname="Test.LoginTest" name="ValidTestLogin" time="9.953"/>
</testsuite> <!-- Test.LoginTest -->
